<?xml version="1.0" encoding="UTF-8"?>
<testng-results ignored="0" total="1" passed="1" failed="0" skipped="0">
  <reporter-output>
  </reporter-output>
  <suite started-at="2022-04-22T14:54:55 IST" name="Default suite" finished-at="2022-04-22T14:54:58 IST" duration-ms="3239">
    <groups>
    </groups>
    <test started-at="2022-04-22T14:54:55 IST" name="Default test" finished-at="2022-04-22T14:54:58 IST" duration-ms="3239">
      <class name="rmgAPITestUsingFRAMEWORK.Create_project_using_Api_And_verify_in_Database">
        <test-method is-config="true" signature="bsConfig()[pri:0, instance:rmgAPITestUsingFRAMEWORK.Create_project_using_Api_And_verify_in_Database@3b6ddd1d]" started-at="2022-04-22T14:54:54 IST" name="bsConfig" finished-at="2022-04-22T14:54:55 IST" duration-ms="1310" status="PASS">
          <reporter-output>
          </reporter-output>
        </test-method> <!-- bsConfig -->
        <test-method signature="createProjectVerifyInDb()[pri:0, instance:rmgAPITestUsingFRAMEWORK.Create_project_using_Api_And_verify_in_Database@3b6ddd1d]" started-at="2022-04-22T14:54:55 IST" name="createProjectVerifyInDb" finished-at="2022-04-22T14:54:58 IST" duration-ms="3184" status="PASS">
          <reporter-output>
          </reporter-output>
        </test-method> <!-- createProjectVerifyInDb -->
        <test-method is-config="true" signature="asConfig()[pri:0, instance:rmgAPITestUsingFRAMEWORK.Create_project_using_Api_And_verify_in_Database@3b6ddd1d]" started-at="2022-04-22T14:54:58 IST" name="asConfig" finished-at="2022-04-22T14:54:58 IST" duration-ms="8" status="PASS">
          <reporter-output>
          </reporter-output>
        </test-method> <!-- asConfig -->
      </class> <!-- rmgAPITestUsingFRAMEWORK.Create_project_using_Api_And_verify_in_Database -->
    </test> <!-- Default test -->
  </suite> <!-- Default suite -->
</testng-results>
